[2021-09-24 15:21:55] local.ERROR: SQLSTATE[HY000] [2002] Uma tentativa de conexão falhou porque o componente conectado não respondeu
corretamente após um período de tempo ou a conexão estabelecida falhou
porque o host conectado não respondeu.
 (SQL: select * from `sessions` where `id` = J4cjaOxaNFIi209lsIlEQe2swhMkHRup1amBnsT9 limit 1) {"userId":54,"exception":"[object] (Illuminate\\Database\\QueryException(code: 2002): SQLSTATE[HY000] [2002] Uma tentativa de conexão falhou porque o componente conectado não respondeu
corretamente após um período de tempo ou a conexão estabelecida falhou
porque o host conectado não respondeu.
 (SQL: select * from `sessions` where `id` = J4cjaOxaNFIi209lsIlEQe2swhMkHRup1amBnsT9 limit 1) at D:\\Projetos\\foodstock\\foodstock-backoffice\\vendor\\laravel\\framework\\src\\Illuminate\\Database\\Connection.php:685)
[stacktrace]
#0 D:\\Projetos\\foodstock\\foodstock-backoffice\\vendor\\laravel\\framework\\src\\Illuminate\\Database\\Connection.php(645): Illuminate\\Database\\Connection->runQueryCallback('select * from `...', Array, Object(Closure))
#1 D:\\Projetos\\foodstock\\foodstock-backoffice\\vendor\\laravel\\framework\\src\\Illuminate\\Database\\Connection.php(353): Illuminate\\Database\\Connection->run('select * from `...', Array, Object(Closure))
#2 D:\\Projetos\\foodstock\\foodstock-backoffice\\vendor\\laravel\\framework\\src\\Illuminate\\Database\\Query\\Builder.php(2351): Illuminate\\Database\\Connection->select('select * from `...', Array, true)
#3 D:\\Projetos\\foodstock\\foodstock-backoffice\\vendor\\laravel\\framework\\src\\Illuminate\\Database\\Query\\Builder.php(2339): Illuminate\\Database\\Query\\Builder->runSelect()
#4 D:\\Projetos\\foodstock\\foodstock-backoffice\\vendor\\laravel\\framework\\src\\Illuminate\\Database\\Query\\Builder.php(2905): Illuminate\\Database\\Query\\Builder->Illuminate\\Database\\Query\\{closure}()
#5 D:\\Projetos\\foodstock\\foodstock-backoffice\\vendor\\laravel\\framework\\src\\Illuminate\\Database\\Query\\Builder.php(2340): Illuminate\\Database\\Query\\Builder->onceWithColumns(Array, Object(Closure))
#6 D:\\Projetos\\foodstock\\foodstock-backoffice\\vendor\\laravel\\framework\\src\\Illuminate\\Database\\Concerns\\BuildsQueries.php(254): Illuminate\\Database\\Query\\Builder->get(Array)
#7 D:\\Projetos\\foodstock\\foodstock-backoffice\\vendor\\laravel\\framework\\src\\Illuminate\\Database\\Query\\Builder.php(2314): Illuminate\\Database\\Query\\Builder->first(Array)
#8 D:\\Projetos\\foodstock\\foodstock-backoffice\\vendor\\laravel\\framework\\src\\Illuminate\\Session\\DatabaseSessionHandler.php(91): Illuminate\\Database\\Query\\Builder->find('J4cjaOxaNFIi209...')
#9 D:\\Projetos\\foodstock\\foodstock-backoffice\\vendor\\laravel\\framework\\src\\Illuminate\\Session\\Store.php(97): Illuminate\\Session\\DatabaseSessionHandler->read('J4cjaOxaNFIi209...')
#10 D:\\Projetos\\foodstock\\foodstock-backoffice\\vendor\\laravel\\framework\\src\\Illuminate\\Session\\Store.php(87): Illuminate\\Session\\Store->readFromHandler()
#11 D:\\Projetos\\foodstock\\foodstock-backoffice\\vendor\\laravel\\framework\\src\\Illuminate\\Session\\Store.php(71): Illuminate\\Session\\Store->loadSession()
#12 D:\\Projetos\\foodstock\\foodstock-backoffice\\vendor\\laravel\\framework\\src\\Illuminate\\Session\\Middleware\\StartSession.php(147): Illuminate\\Session\\Store->start()
#13 D:\\Projetos\\foodstock\\foodstock-backoffice\\vendor\\laravel\\framework\\src\\Illuminate\\Support\\helpers.php(263): Illuminate\\Session\\Middleware\\StartSession->Illuminate\\Session\\Middleware\\{closure}(Object(Illuminate\\Session\\Store))
#14 D:\\Projetos\\foodstock\\foodstock-backoffice\\vendor\\laravel\\framework\\src\\Illuminate\\Session\\Middleware\\StartSession.php(148): tap(Object(Illuminate\\Session\\Store), Object(Closure))
#15 D:\\Projetos\\foodstock\\foodstock-backoffice\\vendor\\laravel\\framework\\src\\Illuminate\\Session\\Middleware\\StartSession.php(116): Illuminate\\Session\\Middleware\\StartSession->startSession(Object(Illuminate\\Http\\Request), Object(Illuminate\\Session\\Store))
#16 D:\\Projetos\\foodstock\\foodstock-backoffice\\vendor\\laravel\\framework\\src\\Illuminate\\Session\\Middleware\\StartSession.php(64): Illuminate\\Session\\Middleware\\StartSession->handleStatefulRequest(Object(Illuminate\\Http\\Request), Object(Illuminate\\Session\\Store), Object(Closure))
#17 D:\\Projetos\\foodstock\\foodstock-backoffice\\vendor\\laravel\\framework\\src\\Illuminate\\Pipeline\\Pipeline.php(167): Illuminate\\Session\\Middleware\\StartSession->handle(Object(Illuminate\\Http\\Request), Object(Closure))
#18 D:\\Projetos\\foodstock\\foodstock-backoffice\\vendor\\laravel\\framework\\src\\Illuminate\\Cookie\\Middleware\\AddQueuedCookiesToResponse.php(37): Illuminate\\Pipeline\\Pipeline->Illuminate\\Pipeline\\{closure}(Object(Illuminate\\Http\\Request))
#19 D:\\Projetos\\foodstock\\foodstock-backoffice\\vendor\\laravel\\framework\\src\\Illuminate\\Pipeline\\Pipeline.php(167): Illuminate\\Cookie\\Middleware\\AddQueuedCookiesToResponse->handle(Object(Illuminate\\Http\\Request), Object(Closure))
#20 D:\\Projetos\\foodstock\\foodstock-backoffice\\vendor\\laravel\\framework\\src\\Illuminate\\Cookie\\Middleware\\EncryptCookies.php(67): Illuminate\\Pipeline\\Pipeline->Illuminate\\Pipeline\\{closure}(Object(Illuminate\\Http\\Request))
#21 D:\\Projetos\\foodstock\\foodstock-backoffice\\vendor\\laravel\\framework\\src\\Illuminate\\Pipeline\\Pipeline.php(167): Illuminate\\Cookie\\Middleware\\EncryptCookies->handle(Object(Illuminate\\Http\\Request), Object(Closure))
#22 D:\\Projetos\\foodstock\\foodstock-backoffice\\vendor\\laravel\\framework\\src\\Illuminate\\Pipeline\\Pipeline.php(103): Illuminate\\Pipeline\\Pipeline->Illuminate\\Pipeline\\{closure}(Object(Illuminate\\Http\\Request))
#23 D:\\Projetos\\foodstock\\foodstock-backoffice\\vendor\\laravel\\framework\\src\\Illuminate\\Routing\\Router.php(697): Illuminate\\Pipeline\\Pipeline->then(Object(Closure))
#24 D:\\Projetos\\foodstock\\foodstock-backoffice\\vendor\\laravel\\framework\\src\\Illuminate\\Routing\\Router.php(672): Illuminate\\Routing\\Router->runRouteWithinStack(Object(Illuminate\\Routing\\Route), Object(Illuminate\\Http\\Request))
#25 D:\\Projetos\\foodstock\\foodstock-backoffice\\vendor\\laravel\\framework\\src\\Illuminate\\Routing\\Router.php(636): Illuminate\\Routing\\Router->runRoute(Object(Illuminate\\Http\\Request), Object(Illuminate\\Routing\\Route))
#26 D:\\Projetos\\foodstock\\foodstock-backoffice\\vendor\\laravel\\framework\\src\\Illuminate\\Routing\\Router.php(625): Illuminate\\Routing\\Router->dispatchToRoute(Object(Illuminate\\Http\\Request))
#27 D:\\Projetos\\foodstock\\foodstock-backoffice\\vendor\\laravel\\framework\\src\\Illuminate\\Foundation\\Http\\Kernel.php(166): Illuminate\\Routing\\Router->dispatch(Object(Illuminate\\Http\\Request))
#28 D:\\Projetos\\foodstock\\foodstock-backoffice\\vendor\\laravel\\framework\\src\\Illuminate\\Pipeline\\Pipeline.php(128): Illuminate\\Foundation\\Http\\Kernel->Illuminate\\Foundation\\Http\\{closure}(Object(Illuminate\\Http\\Request))
#29 D:\\Projetos\\foodstock\\foodstock-backoffice\\vendor\\proengsoft\\laravel-jsvalidation\\src\\RemoteValidationMiddleware.php(61): Illuminate\\Pipeline\\Pipeline->Illuminate\\Pipeline\\{closure}(Object(Illuminate\\Http\\Request))
#30 D:\\Projetos\\foodstock\\foodstock-backoffice\\vendor\\laravel\\framework\\src\\Illuminate\\Pipeline\\Pipeline.php(167): Proengsoft\\JsValidation\\RemoteValidationMiddleware->handle(Object(Illuminate\\Http\\Request), Object(Closure))
#31 D:\\Projetos\\foodstock\\foodstock-backoffice\\vendor\\barryvdh\\laravel-debugbar\\src\\Middleware\\InjectDebugbar.php(67): Illuminate\\Pipeline\\Pipeline->Illuminate\\Pipeline\\{closure}(Object(Illuminate\\Http\\Request))
#32 D:\\Projetos\\foodstock\\foodstock-backoffice\\vendor\\laravel\\framework\\src\\Illuminate\\Pipeline\\Pipeline.php(167): Barryvdh\\Debugbar\\Middleware\\InjectDebugbar->handle(Object(Illuminate\\Http\\Request), Object(Closure))
#33 D:\\Projetos\\foodstock\\foodstock-backoffice\\vendor\\laravel\\framework\\src\\Illuminate\\Foundation\\Http\\Middleware\\ConvertEmptyStringsToNull.php(27): Illuminate\\Pipeline\\Pipeline->Illuminate\\Pipeline\\{closure}(Object(Illuminate\\Http\\Request))
#34 D:\\Projetos\\foodstock\\foodstock-backoffice\\vendor\\laravel\\framework\\src\\Illuminate\\Pipeline\\Pipeline.php(167): Illuminate\\Foundation\\Http\\Middleware\\ConvertEmptyStringsToNull->handle(Object(Illuminate\\Http\\Request), Object(Closure))
#35 D:\\Projetos\\foodstock\\foodstock-backoffice\\vendor\\laravel\\framework\\src\\Illuminate\\Foundation\\Http\\Middleware\\TrimStrings.php(36): Illuminate\\Pipeline\\Pipeline->Illuminate\\Pipeline\\{closure}(Object(Illuminate\\Http\\Request))
#36 D:\\Projetos\\foodstock\\foodstock-backoffice\\vendor\\laravel\\framework\\src\\Illuminate\\Pipeline\\Pipeline.php(167): Illuminate\\Foundation\\Http\\Middleware\\TrimStrings->handle(Object(Illuminate\\Http\\Request), Object(Closure))
#37 D:\\Projetos\\foodstock\\foodstock-backoffice\\vendor\\laravel\\framework\\src\\Illuminate\\Foundation\\Http\\Middleware\\ValidatePostSize.php(27): Illuminate\\Pipeline\\Pipeline->Illuminate\\Pipeline\\{closure}(Object(Illuminate\\Http\\Request))
#38 D:\\Projetos\\foodstock\\foodstock-backoffice\\vendor\\laravel\\framework\\src\\Illuminate\\Pipeline\\Pipeline.php(167): Illuminate\\Foundation\\Http\\Middleware\\ValidatePostSize->handle(Object(Illuminate\\Http\\Request), Object(Closure))
#39 D:\\Projetos\\foodstock\\foodstock-backoffice\\vendor\\laravel\\framework\\src\\Illuminate\\Foundation\\Http\\Middleware\\PreventRequestsDuringMaintenance.php(86): Illuminate\\Pipeline\\Pipeline->Illuminate\\Pipeline\\{closure}(Object(Illuminate\\Http\\Request))
#40 D:\\Projetos\\foodstock\\foodstock-backoffice\\vendor\\laravel\\framework\\src\\Illuminate\\Pipeline\\Pipeline.php(167): Illuminate\\Foundation\\Http\\Middleware\\PreventRequestsDuringMaintenance->handle(Object(Illuminate\\Http\\Request), Object(Closure))
#41 D:\\Projetos\\foodstock\\foodstock-backoffice\\vendor\\fruitcake\\laravel-cors\\src\\HandleCors.php(38): Illuminate\\Pipeline\\Pipeline->Illuminate\\Pipeline\\{closure}(Object(Illuminate\\Http\\Request))
#42 D:\\Projetos\\foodstock\\foodstock-backoffice\\vendor\\laravel\\framework\\src\\Illuminate\\Pipeline\\Pipeline.php(167): Fruitcake\\Cors\\HandleCors->handle(Object(Illuminate\\Http\\Request), Object(Closure))
#43 D:\\Projetos\\foodstock\\foodstock-backoffice\\vendor\\fideloper\\proxy\\src\\TrustProxies.php(57): Illuminate\\Pipeline\\Pipeline->Illuminate\\Pipeline\\{closure}(Object(Illuminate\\Http\\Request))
#44 D:\\Projetos\\foodstock\\foodstock-backoffice\\vendor\\laravel\\framework\\src\\Illuminate\\Pipeline\\Pipeline.php(167): Fideloper\\Proxy\\TrustProxies->handle(Object(Illuminate\\Http\\Request), Object(Closure))
#45 D:\\Projetos\\foodstock\\foodstock-backoffice\\vendor\\laravel\\framework\\src\\Illuminate\\Pipeline\\Pipeline.php(103): Illuminate\\Pipeline\\Pipeline->Illuminate\\Pipeline\\{closure}(Object(Illuminate\\Http\\Request))
#46 D:\\Projetos\\foodstock\\foodstock-backoffice\\vendor\\laravel\\framework\\src\\Illuminate\\Foundation\\Http\\Kernel.php(141): Illuminate\\Pipeline\\Pipeline->then(Object(Closure))
#47 D:\\Projetos\\foodstock\\foodstock-backoffice\\vendor\\laravel\\framework\\src\\Illuminate\\Foundation\\Http\\Kernel.php(110): Illuminate\\Foundation\\Http\\Kernel->sendRequestThroughRouter(Object(Illuminate\\Http\\Request))
#48 D:\\Projetos\\foodstock\\foodstock-backoffice\\public\\index.php(52): Illuminate\\Foundation\\Http\\Kernel->handle(Object(Illuminate\\Http\\Request))
#49 D:\\Projetos\\foodstock\\foodstock-backoffice\\server.php(21): require_once('D:\\\\Projetos\\\\foo...')
#50 {main}

[previous exception] [object] (PDOException(code: 2002): SQLSTATE[HY000] [2002] Uma tentativa de conexão falhou porque o componente conectado não respondeu
corretamente após um período de tempo ou a conexão estabelecida falhou
porque o host conectado não respondeu.
 at D:\\Projetos\\foodstock\\foodstock-backoffice\\vendor\\laravel\\framework\\src\\Illuminate\\Database\\Connectors\\Connector.php:70)
[stacktrace]
#0 D:\\Projetos\\foodstock\\foodstock-backoffice\\vendor\\laravel\\framework\\src\\Illuminate\\Database\\Connectors\\Connector.php(70): PDO->__construct('mysql:host=food...', 'root', 'Tutb#f000dS', Array)
#1 D:\\Projetos\\foodstock\\foodstock-backoffice\\vendor\\laravel\\framework\\src\\Illuminate\\Database\\Connectors\\Connector.php(46): Illuminate\\Database\\Connectors\\Connector->createPdoConnection('mysql:host=food...', 'root', 'Tutb#f000dS', Array)
#2 D:\\Projetos\\foodstock\\foodstock-backoffice\\vendor\\laravel\\framework\\src\\Illuminate\\Database\\Connectors\\MySqlConnector.php(24): Illuminate\\Database\\Connectors\\Connector->createConnection('mysql:host=food...', Array, Array)
#3 D:\\Projetos\\foodstock\\foodstock-backoffice\\vendor\\laravel\\framework\\src\\Illuminate\\Database\\Connectors\\ConnectionFactory.php(184): Illuminate\\Database\\Connectors\\MySqlConnector->connect(Array)
#4 [internal function]: Illuminate\\Database\\Connectors\\ConnectionFactory->Illuminate\\Database\\Connectors\\{closure}()
#5 D:\\Projetos\\foodstock\\foodstock-backoffice\\vendor\\laravel\\framework\\src\\Illuminate\\Database\\Connection.php(956): call_user_func(Object(Closure))
#6 D:\\Projetos\\foodstock\\foodstock-backoffice\\vendor\\laravel\\framework\\src\\Illuminate\\Database\\Connection.php(991): Illuminate\\Database\\Connection->getPdo()
#7 D:\\Projetos\\foodstock\\foodstock-backoffice\\vendor\\laravel\\framework\\src\\Illuminate\\Database\\Connection.php(419): Illuminate\\Database\\Connection->getReadPdo()
#8 D:\\Projetos\\foodstock\\foodstock-backoffice\\vendor\\laravel\\framework\\src\\Illuminate\\Database\\Connection.php(345): Illuminate\\Database\\Connection->getPdoForSelect(true)
#9 D:\\Projetos\\foodstock\\foodstock-backoffice\\vendor\\laravel\\framework\\src\\Illuminate\\Database\\Connection.php(678): Illuminate\\Database\\Connection->Illuminate\\Database\\{closure}('select * from `...', Array)
#10 D:\\Projetos\\foodstock\\foodstock-backoffice\\vendor\\laravel\\framework\\src\\Illuminate\\Database\\Connection.php(645): Illuminate\\Database\\Connection->runQueryCallback('select * from `...', Array, Object(Closure))
#11 D:\\Projetos\\foodstock\\foodstock-backoffice\\vendor\\laravel\\framework\\src\\Illuminate\\Database\\Connection.php(353): Illuminate\\Database\\Connection->run('select * from `...', Array, Object(Closure))
#12 D:\\Projetos\\foodstock\\foodstock-backoffice\\vendor\\laravel\\framework\\src\\Illuminate\\Database\\Query\\Builder.php(2351): Illuminate\\Database\\Connection->select('select * from `...', Array, true)
#13 D:\\Projetos\\foodstock\\foodstock-backoffice\\vendor\\laravel\\framework\\src\\Illuminate\\Database\\Query\\Builder.php(2339): Illuminate\\Database\\Query\\Builder->runSelect()
#14 D:\\Projetos\\foodstock\\foodstock-backoffice\\vendor\\laravel\\framework\\src\\Illuminate\\Database\\Query\\Builder.php(2905): Illuminate\\Database\\Query\\Builder->Illuminate\\Database\\Query\\{closure}()
#15 D:\\Projetos\\foodstock\\foodstock-backoffice\\vendor\\laravel\\framework\\src\\Illuminate\\Database\\Query\\Builder.php(2340): Illuminate\\Database\\Query\\Builder->onceWithColumns(Array, Object(Closure))
#16 D:\\Projetos\\foodstock\\foodstock-backoffice\\vendor\\laravel\\framework\\src\\Illuminate\\Database\\Concerns\\BuildsQueries.php(254): Illuminate\\Database\\Query\\Builder->get(Array)
#17 D:\\Projetos\\foodstock\\foodstock-backoffice\\vendor\\laravel\\framework\\src\\Illuminate\\Database\\Query\\Builder.php(2314): Illuminate\\Database\\Query\\Builder->first(Array)
#18 D:\\Projetos\\foodstock\\foodstock-backoffice\\vendor\\laravel\\framework\\src\\Illuminate\\Session\\DatabaseSessionHandler.php(91): Illuminate\\Database\\Query\\Builder->find('J4cjaOxaNFIi209...')
#19 D:\\Projetos\\foodstock\\foodstock-backoffice\\vendor\\laravel\\framework\\src\\Illuminate\\Session\\Store.php(97): Illuminate\\Session\\DatabaseSessionHandler->read('J4cjaOxaNFIi209...')
#20 D:\\Projetos\\foodstock\\foodstock-backoffice\\vendor\\laravel\\framework\\src\\Illuminate\\Session\\Store.php(87): Illuminate\\Session\\Store->readFromHandler()
#21 D:\\Projetos\\foodstock\\foodstock-backoffice\\vendor\\laravel\\framework\\src\\Illuminate\\Session\\Store.php(71): Illuminate\\Session\\Store->loadSession()
#22 D:\\Projetos\\foodstock\\foodstock-backoffice\\vendor\\laravel\\framework\\src\\Illuminate\\Session\\Middleware\\StartSession.php(147): Illuminate\\Session\\Store->start()
#23 D:\\Projetos\\foodstock\\foodstock-backoffice\\vendor\\laravel\\framework\\src\\Illuminate\\Support\\helpers.php(263): Illuminate\\Session\\Middleware\\StartSession->Illuminate\\Session\\Middleware\\{closure}(Object(Illuminate\\Session\\Store))
#24 D:\\Projetos\\foodstock\\foodstock-backoffice\\vendor\\laravel\\framework\\src\\Illuminate\\Session\\Middleware\\StartSession.php(148): tap(Object(Illuminate\\Session\\Store), Object(Closure))
#25 D:\\Projetos\\foodstock\\foodstock-backoffice\\vendor\\laravel\\framework\\src\\Illuminate\\Session\\Middleware\\StartSession.php(116): Illuminate\\Session\\Middleware\\StartSession->startSession(Object(Illuminate\\Http\\Request), Object(Illuminate\\Session\\Store))
#26 D:\\Projetos\\foodstock\\foodstock-backoffice\\vendor\\laravel\\framework\\src\\Illuminate\\Session\\Middleware\\StartSession.php(64): Illuminate\\Session\\Middleware\\StartSession->handleStatefulRequest(Object(Illuminate\\Http\\Request), Object(Illuminate\\Session\\Store), Object(Closure))
#27 D:\\Projetos\\foodstock\\foodstock-backoffice\\vendor\\laravel\\framework\\src\\Illuminate\\Pipeline\\Pipeline.php(167): Illuminate\\Session\\Middleware\\StartSession->handle(Object(Illuminate\\Http\\Request), Object(Closure))
#28 D:\\Projetos\\foodstock\\foodstock-backoffice\\vendor\\laravel\\framework\\src\\Illuminate\\Cookie\\Middleware\\AddQueuedCookiesToResponse.php(37): Illuminate\\Pipeline\\Pipeline->Illuminate\\Pipeline\\{closure}(Object(Illuminate\\Http\\Request))
#29 D:\\Projetos\\foodstock\\foodstock-backoffice\\vendor\\laravel\\framework\\src\\Illuminate\\Pipeline\\Pipeline.php(167): Illuminate\\Cookie\\Middleware\\AddQueuedCookiesToResponse->handle(Object(Illuminate\\Http\\Request), Object(Closure))
#30 D:\\Projetos\\foodstock\\foodstock-backoffice\\vendor\\laravel\\framework\\src\\Illuminate\\Cookie\\Middleware\\EncryptCookies.php(67): Illuminate\\Pipeline\\Pipeline->Illuminate\\Pipeline\\{closure}(Object(Illuminate\\Http\\Request))
#31 D:\\Projetos\\foodstock\\foodstock-backoffice\\vendor\\laravel\\framework\\src\\Illuminate\\Pipeline\\Pipeline.php(167): Illuminate\\Cookie\\Middleware\\EncryptCookies->handle(Object(Illuminate\\Http\\Request), Object(Closure))
#32 D:\\Projetos\\foodstock\\foodstock-backoffice\\vendor\\laravel\\framework\\src\\Illuminate\\Pipeline\\Pipeline.php(103): Illuminate\\Pipeline\\Pipeline->Illuminate\\Pipeline\\{closure}(Object(Illuminate\\Http\\Request))
#33 D:\\Projetos\\foodstock\\foodstock-backoffice\\vendor\\laravel\\framework\\src\\Illuminate\\Routing\\Router.php(697): Illuminate\\Pipeline\\Pipeline->then(Object(Closure))
#34 D:\\Projetos\\foodstock\\foodstock-backoffice\\vendor\\laravel\\framework\\src\\Illuminate\\Routing\\Router.php(672): Illuminate\\Routing\\Router->runRouteWithinStack(Object(Illuminate\\Routing\\Route), Object(Illuminate\\Http\\Request))
#35 D:\\Projetos\\foodstock\\foodstock-backoffice\\vendor\\laravel\\framework\\src\\Illuminate\\Routing\\Router.php(636): Illuminate\\Routing\\Router->runRoute(Object(Illuminate\\Http\\Request), Object(Illuminate\\Routing\\Route))
#36 D:\\Projetos\\foodstock\\foodstock-backoffice\\vendor\\laravel\\framework\\src\\Illuminate\\Routing\\Router.php(625): Illuminate\\Routing\\Router->dispatchToRoute(Object(Illuminate\\Http\\Request))
#37 D:\\Projetos\\foodstock\\foodstock-backoffice\\vendor\\laravel\\framework\\src\\Illuminate\\Foundation\\Http\\Kernel.php(166): Illuminate\\Routing\\Router->dispatch(Object(Illuminate\\Http\\Request))
#38 D:\\Projetos\\foodstock\\foodstock-backoffice\\vendor\\laravel\\framework\\src\\Illuminate\\Pipeline\\Pipeline.php(128): Illuminate\\Foundation\\Http\\Kernel->Illuminate\\Foundation\\Http\\{closure}(Object(Illuminate\\Http\\Request))
#39 D:\\Projetos\\foodstock\\foodstock-backoffice\\vendor\\proengsoft\\laravel-jsvalidation\\src\\RemoteValidationMiddleware.php(61): Illuminate\\Pipeline\\Pipeline->Illuminate\\Pipeline\\{closure}(Object(Illuminate\\Http\\Request))
#40 D:\\Projetos\\foodstock\\foodstock-backoffice\\vendor\\laravel\\framework\\src\\Illuminate\\Pipeline\\Pipeline.php(167): Proengsoft\\JsValidation\\RemoteValidationMiddleware->handle(Object(Illuminate\\Http\\Request), Object(Closure))
#41 D:\\Projetos\\foodstock\\foodstock-backoffice\\vendor\\barryvdh\\laravel-debugbar\\src\\Middleware\\InjectDebugbar.php(67): Illuminate\\Pipeline\\Pipeline->Illuminate\\Pipeline\\{closure}(Object(Illuminate\\Http\\Request))
#42 D:\\Projetos\\foodstock\\foodstock-backoffice\\vendor\\laravel\\framework\\src\\Illuminate\\Pipeline\\Pipeline.php(167): Barryvdh\\Debugbar\\Middleware\\InjectDebugbar->handle(Object(Illuminate\\Http\\Request), Object(Closure))
#43 D:\\Projetos\\foodstock\\foodstock-backoffice\\vendor\\laravel\\framework\\src\\Illuminate\\Foundation\\Http\\Middleware\\ConvertEmptyStringsToNull.php(27): Illuminate\\Pipeline\\Pipeline->Illuminate\\Pipeline\\{closure}(Object(Illuminate\\Http\\Request))
#44 D:\\Projetos\\foodstock\\foodstock-backoffice\\vendor\\laravel\\framework\\src\\Illuminate\\Pipeline\\Pipeline.php(167): Illuminate\\Foundation\\Http\\Middleware\\ConvertEmptyStringsToNull->handle(Object(Illuminate\\Http\\Request), Object(Closure))
#45 D:\\Projetos\\foodstock\\foodstock-backoffice\\vendor\\laravel\\framework\\src\\Illuminate\\Foundation\\Http\\Middleware\\TrimStrings.php(36): Illuminate\\Pipeline\\Pipeline->Illuminate\\Pipeline\\{closure}(Object(Illuminate\\Http\\Request))
#46 D:\\Projetos\\foodstock\\foodstock-backoffice\\vendor\\laravel\\framework\\src\\Illuminate\\Pipeline\\Pipeline.php(167): Illuminate\\Foundation\\Http\\Middleware\\TrimStrings->handle(Object(Illuminate\\Http\\Request), Object(Closure))
#47 D:\\Projetos\\foodstock\\foodstock-backoffice\\vendor\\laravel\\framework\\src\\Illuminate\\Foundation\\Http\\Middleware\\ValidatePostSize.php(27): Illuminate\\Pipeline\\Pipeline->Illuminate\\Pipeline\\{closure}(Object(Illuminate\\Http\\Request))
#48 D:\\Projetos\\foodstock\\foodstock-backoffice\\vendor\\laravel\\framework\\src\\Illuminate\\Pipeline\\Pipeline.php(167): Illuminate\\Foundation\\Http\\Middleware\\ValidatePostSize->handle(Object(Illuminate\\Http\\Request), Object(Closure))
#49 D:\\Projetos\\foodstock\\foodstock-backoffice\\vendor\\laravel\\framework\\src\\Illuminate\\Foundation\\Http\\Middleware\\PreventRequestsDuringMaintenance.php(86): Illuminate\\Pipeline\\Pipeline->Illuminate\\Pipeline\\{closure}(Object(Illuminate\\Http\\Request))
#50 D:\\Projetos\\foodstock\\foodstock-backoffice\\vendor\\laravel\\framework\\src\\Illuminate\\Pipeline\\Pipeline.php(167): Illuminate\\Foundation\\Http\\Middleware\\PreventRequestsDuringMaintenance->handle(Object(Illuminate\\Http\\Request), Object(Closure))
#51 D:\\Projetos\\foodstock\\foodstock-backoffice\\vendor\\fruitcake\\laravel-cors\\src\\HandleCors.php(38): Illuminate\\Pipeline\\Pipeline->Illuminate\\Pipeline\\{closure}(Object(Illuminate\\Http\\Request))
#52 D:\\Projetos\\foodstock\\foodstock-backoffice\\vendor\\laravel\\framework\\src\\Illuminate\\Pipeline\\Pipeline.php(167): Fruitcake\\Cors\\HandleCors->handle(Object(Illuminate\\Http\\Request), Object(Closure))
#53 D:\\Projetos\\foodstock\\foodstock-backoffice\\vendor\\fideloper\\proxy\\src\\TrustProxies.php(57): Illuminate\\Pipeline\\Pipeline->Illuminate\\Pipeline\\{closure}(Object(Illuminate\\Http\\Request))
#54 D:\\Projetos\\foodstock\\foodstock-backoffice\\vendor\\laravel\\framework\\src\\Illuminate\\Pipeline\\Pipeline.php(167): Fideloper\\Proxy\\TrustProxies->handle(Object(Illuminate\\Http\\Request), Object(Closure))
#55 D:\\Projetos\\foodstock\\foodstock-backoffice\\vendor\\laravel\\framework\\src\\Illuminate\\Pipeline\\Pipeline.php(103): Illuminate\\Pipeline\\Pipeline->Illuminate\\Pipeline\\{closure}(Object(Illuminate\\Http\\Request))
#56 D:\\Projetos\\foodstock\\foodstock-backoffice\\vendor\\laravel\\framework\\src\\Illuminate\\Foundation\\Http\\Kernel.php(141): Illuminate\\Pipeline\\Pipeline->then(Object(Closure))
#57 D:\\Projetos\\foodstock\\foodstock-backoffice\\vendor\\laravel\\framework\\src\\Illuminate\\Foundation\\Http\\Kernel.php(110): Illuminate\\Foundation\\Http\\Kernel->sendRequestThroughRouter(Object(Illuminate\\Http\\Request))
#58 D:\\Projetos\\foodstock\\foodstock-backoffice\\public\\index.php(52): Illuminate\\Foundation\\Http\\Kernel->handle(Object(Illuminate\\Http\\Request))
#59 D:\\Projetos\\foodstock\\foodstock-backoffice\\server.php(21): require_once('D:\\\\Projetos\\\\foo...')
#60 {main}
"} 
[2021-09-24 15:34:50] local.ERROR: Maximum execution time of 60 seconds exceeded {"userId":54,"exception":"[object] (Symfony\\Component\\ErrorHandler\\Error\\FatalError(code: 0): Maximum execution time of 60 seconds exceeded at D:\\Projetos\\foodstock\\foodstock-backoffice\\vendor\\laravel\\framework\\src\\Illuminate\\Database\\Connection.php:345)
[stacktrace]
#0 {main}
"} 
[2021-09-24 16:30:49] local.ERROR: Maximum execution time of 60 seconds exceeded {"userId":54,"exception":"[object] (Symfony\\Component\\ErrorHandler\\Error\\FatalError(code: 0): Maximum execution time of 60 seconds exceeded at D:\\Projetos\\foodstock\\foodstock-backoffice\\vendor\\laravel\\framework\\src\\Illuminate\\Database\\Connectors\\Connector.php:46)
[stacktrace]
#0 {main}
"} 
